<?xml version="1.0" encoding="UTF-8"?>
<!-- Generated by org.testng.reporters.JUnitReportReporter -->
<testsuite hostname="Sohail-NYC" failures="0" tests="1" name="basePackage.BaseClass" time="13.217" errors="0" timestamp="2022-07-06T02:06:31 EDT" skipped="0">
  <testcase classname="basePackage.BaseClass" name="setUp" time="13.217"/>
  <system-out/>
</testsuite> <!-- basePackage.BaseClass -->
